2026/02/11 14:29:55 ========================================
2026/02/11 14:29:55 TLS VPN 服务启动 (PID: 18204)
2026/02/11 14:29:55 ========================================
2026/02/11 14:29:55 控制API服务已启动: C:\Users\29109\AppData\Local\Temp\vpn_control.sock
2026/02/11 14:30:59 控制API服务已停止
2026/02/11 14:31:24 ========================================
2026/02/11 14:31:24 TLS VPN 服务启动 (PID: 8604)
2026/02/11 14:31:24 ========================================
2026/02/11 14:31:24 控制API服务已启动: C:\Users\29109\AppData\Local\Temp\vpn_control.sock
2026/02/11 14:33:39 服务器证书文件不存在，生成新证书...
2026/02/11 14:33:41 证书已生成并保存到 ./certs 目录
2026/02/11 14:34:02 控制API服务已停止
2026/02/14 12:58:02 ========================================
2026/02/14 12:58:02 TLS VPN 服务启动 (PID: 29448)
2026/02/14 12:58:02 ========================================
2026/02/14 12:58:02 控制API服务已启动: C:\Users\29109\AppData\Local\Temp\vpn_control.sock
2026/02/14 13:03:03 控制API服务已停止
2026/02/14 13:32:44 ========================================
2026/02/14 13:32:44 TLS VPN 服务启动 (PID: 26156)
2026/02/14 13:32:44 ========================================
2026/02/14 13:32:44 控制API服务已启动: C:\Users\29109\AppData\Local\Temp\vpn_control.sock
2026/02/14 13:36:19 控制API服务已停止
2026/02/14 14:00:47 ========================================
2026/02/14 14:00:47 TLS VPN 服务启动 (PID: 15132)
2026/02/14 14:00:47 ========================================
2026/02/14 14:00:47 控制API服务已启动: C:\Users\29109\AppData\Local\Temp\vpn_control.sock
2026/02/14 14:01:42 控制API服务已停止
